/.hta (Status: 403)
/.htaccess (Status: 403)
/.htpasswd (Status: 403)
/0 (Status: 301)
/Image (Status: 301)
/admin (Status: 301)
/atom (Status: 200)
/audio (Status: 301)
/blog (Status: 301)
/css (Status: 301)
/dashboard (Status: 302)
/favicon.ico (Status: 200)
/feed (Status: 200)
/image (Status: 301)
/images (Status: 301)
/index.html (Status: 200)
/index.php (Status: 301)
/intro (Status: 200)
/js (Status: 301)
/license (Status: 200)
/login (Status: 302)
/page1 (Status: 200)
/phpmyadmin (Status: 403)
/rdf (Status: 200)
/readme (Status: 200)
/robots (Status: 200)
/robots.txt (Status: 200)
/rss (Status: 200)
/rss2 (Status: 200)
/sitemap (Status: 200)
/sitemap.xml (Status: 200)
/video (Status: 301)
/wp-admin (Status: 301)
/wp-config (Status: 200)
/wp-content (Status: 301)
/wp-cron (Status: 200)
/wp-includes (Status: 301)
/wp-links-opml (Status: 200)
/wp-load (Status: 200)
/wp-login (Status: 200)
/wp-signup (Status: 302)
