# Nmap 7.80 scan initiated Thu Oct  1 05:25:40 2020 as: nmap -sS -A -T4 -e tun0 -oN nmap.log 10.10.124.89
Nmap scan report for 10.10.124.89
Host is up (0.38s latency).
Not shown: 997 filtered ports
PORT    STATE  SERVICE  VERSION
22/tcp  closed ssh
80/tcp  open   http     Apache httpd
|_http-server-header: Apache
|_http-title: Site doesn't have a title (text/html).
443/tcp open   ssl/http Apache httpd
|_http-server-header: Apache
|_http-title: 400 Bad Request
| ssl-cert: Subject: commonName=www.example.com
| Not valid before: 2015-09-16T10:45:03
|_Not valid after:  2025-09-13T10:45:03
Device type: general purpose|specialized|storage-misc|broadband router|printer|WAP
Running (JUST GUESSING): Linux 3.X|4.X|2.6.X|2.4.X (90%), Crestron 2-Series (89%), HP embedded (89%), Asus embedded (88%)
OS CPE: cpe:/o:linux:linux_kernel:3 cpe:/o:linux:linux_kernel:4 cpe:/o:crestron:2_series cpe:/h:hp:p2000_g3 cpe:/o:linux:linux_kernel:2.6 cpe:/h:asus:rt-n56u cpe:/o:linux:linux_kernel:3.4 cpe:/o:linux:linux_kernel:2.4
Aggressive OS guesses: Linux 3.10 - 3.13 (90%), Linux 3.10 - 4.11 (90%), Linux 3.12 (90%), Linux 3.13 (90%), Linux 3.13 or 4.2 (90%), Linux 3.2 - 3.5 (90%), Linux 3.2 - 3.8 (90%), Linux 4.2 (90%), Linux 4.4 (90%), Crestron XPanel control system (89%)
No exact OS matches for host (test conditions non-ideal).
Network Distance: 4 hops

TRACEROUTE (using port 80/tcp)
HOP RTT       ADDRESS
1   156.54 ms 10.4.0.1
2   ... 3
4   411.71 ms 10.10.124.89

OS and Service detection performed. Please report any incorrect results at https://nmap.org/submit/ .
# Nmap done at Thu Oct  1 05:27:16 2020 -- 1 IP address (1 host up) scanned in 96.01 seconds
